[debug] [2023-02-17T20:59:43.436Z] ----------------------------------------------------------------------
[debug] [2023-02-17T20:59:43.438Z] Command:       /usr/local/bin/firebase /Users/welcome/.cache/firebase/tools/lib/node_modules/firebase-tools/lib/bin/firebase deploy --only hosting
[debug] [2023-02-17T20:59:43.438Z] CLI Version:   11.22.0
[debug] [2023-02-17T20:59:43.439Z] Platform:      darwin
[debug] [2023-02-17T20:59:43.439Z] Node Version:  v16.16.0
[debug] [2023-02-17T20:59:43.444Z] Time:          Fri Feb 17 2023 15:59:43 GMT-0500 (GMT-05:00)
[debug] [2023-02-17T20:59:43.444Z] ----------------------------------------------------------------------
[debug] 
[debug] [2023-02-17T20:59:43.513Z] > command requires scopes: ["email","openid","https://www.googleapis.com/auth/cloudplatformprojects.readonly","https://www.googleapis.com/auth/firebase","https://www.googleapis.com/auth/cloud-platform"]
[debug] [2023-02-17T20:59:43.513Z] > authorizing via signed-in user (christoph.carman@gmail.com)
[debug] [2023-02-17T20:59:43.514Z] [iam] checking project foto-album-b2d62 for permissions ["firebase.projects.get","firebasehosting.sites.update"]
[debug] [2023-02-17T20:59:43.516Z] > refreshing access token with scopes: []
[debug] [2023-02-17T20:59:43.518Z] >>> [apiv2][query] POST https://www.googleapis.com/oauth2/v3/token [none]
[debug] [2023-02-17T20:59:43.518Z] >>> [apiv2][body] POST https://www.googleapis.com/oauth2/v3/token [omitted]
[debug] [2023-02-17T20:59:43.783Z] <<< [apiv2][status] POST https://www.googleapis.com/oauth2/v3/token 200
[debug] [2023-02-17T20:59:43.783Z] <<< [apiv2][body] POST https://www.googleapis.com/oauth2/v3/token [omitted]
[debug] [2023-02-17T20:59:43.814Z] >>> [apiv2][query] POST https://cloudresourcemanager.googleapis.com/v1/projects/foto-album-b2d62:testIamPermissions [none]
[debug] [2023-02-17T20:59:43.815Z] >>> [apiv2][(partial)header] POST https://cloudresourcemanager.googleapis.com/v1/projects/foto-album-b2d62:testIamPermissions x-goog-quota-user=projects/foto-album-b2d62
[debug] [2023-02-17T20:59:43.815Z] >>> [apiv2][body] POST https://cloudresourcemanager.googleapis.com/v1/projects/foto-album-b2d62:testIamPermissions {"permissions":["firebase.projects.get","firebasehosting.sites.update"]}
[debug] [2023-02-17T20:59:45.418Z] <<< [apiv2][status] POST https://cloudresourcemanager.googleapis.com/v1/projects/foto-album-b2d62:testIamPermissions 200
[debug] [2023-02-17T20:59:45.418Z] <<< [apiv2][body] POST https://cloudresourcemanager.googleapis.com/v1/projects/foto-album-b2d62:testIamPermissions {"permissions":["firebase.projects.get","firebasehosting.sites.update"]}
[debug] [2023-02-17T20:59:45.419Z] >>> [apiv2][query] GET https://firebase.googleapis.com/v1beta1/projects/foto-album-b2d62 [none]
[debug] [2023-02-17T20:59:45.722Z] <<< [apiv2][status] GET https://firebase.googleapis.com/v1beta1/projects/foto-album-b2d62 200
[debug] [2023-02-17T20:59:45.722Z] <<< [apiv2][body] GET https://firebase.googleapis.com/v1beta1/projects/foto-album-b2d62 {"projectId":"foto-album-b2d62","projectNumber":"676864293446","displayName":"Foto-Album","name":"projects/foto-album-b2d62","resources":{"hostingSite":"foto-album-b2d62"},"state":"ACTIVE","etag":"1_c7831a92-4d8e-469f-b1b2-24085df002a6"}
[info] 
[info] === Deploying to 'foto-album-b2d62'...
[info] 
[info] i  deploying hosting 
[debug] [2023-02-17T20:59:45.730Z] >>> [apiv2][query] POST https://firebasehosting.googleapis.com/v1beta1/projects/-/sites/foto-album-b2d62/versions [none]
[debug] [2023-02-17T20:59:45.730Z] >>> [apiv2][body] POST https://firebasehosting.googleapis.com/v1beta1/projects/-/sites/foto-album-b2d62/versions {"status":"CREATED","labels":{"deployment-tool":"cli-firebase"}}
[debug] [2023-02-17T20:59:47.293Z] <<< [apiv2][status] POST https://firebasehosting.googleapis.com/v1beta1/projects/-/sites/foto-album-b2d62/versions 200
[debug] [2023-02-17T20:59:47.294Z] <<< [apiv2][body] POST https://firebasehosting.googleapis.com/v1beta1/projects/-/sites/foto-album-b2d62/versions {"name":"projects/676864293446/sites/foto-album-b2d62/versions/3aee739e5a0d5ac1","status":"CREATED","config":{},"labels":{"deployment-tool":"cli-firebase"}}
[info] i  hosting[foto-album-b2d62]: beginning deploy... 
[info] i  hosting[foto-album-b2d62]: found 129 files in dist 
[debug] [2023-02-17T20:59:47.317Z] [hosting] uploading with 200 concurrency
[debug] [2023-02-17T20:59:47.528Z] [hosting] hash cache [ZGlzdA] stored for 129 files
[debug] [2023-02-17T20:59:47.528Z] [hosting][hash queue][FINAL] {"max":194,"min":0,"avg":14.95488064888467,"active":0,"complete":129,"success":129,"errored":0,"retried":0,"total":129,"elapsed":206}
[debug] [2023-02-17T20:59:47.529Z] >>> [apiv2][query] POST https://firebasehosting.googleapis.com/v1beta1/projects/676864293446/sites/foto-album-b2d62/versions/3aee739e5a0d5ac1:populateFiles [none]
[debug] [2023-02-17T20:59:47.529Z] >>> [apiv2][body] POST https://firebasehosting.googleapis.com/v1beta1/projects/676864293446/sites/foto-album-b2d62/versions/3aee739e5a0d5ac1:populateFiles {"files":{"/css/fonts/bootstrap-icons.woff":"76b1e6dd30bffb37675be4059c19f342f9c578230c770b43a20d65f2cc456f6d","/css/fonts/bootstrap-icons.woff2":"854aaee9fd1c47743152eaa4829997e3cd7368b3e59b594c4d8f67ee865b4079","/fonts/boxicons.woff2":"f9068bf11049ae7543dac80d693876f1a6512649f260249a8b6fa7cffc2d0417","/img/apple-touch-icon.png":"7a5c6c7de7d68819fa251bd7fd4a939899f808ad083e3e10e7d506d0668385c9","/img/favicon.png":"d6c6409beefbab5bf43e4a785ceb259488775e02056474a16e192007f60de37f","/img/hero-bg.jpg":"dd74e23a0bf300958e19e48775c39b54e7c8e1bb4bda8e74ce2976ca75e63a1e","/img/mapa1.webp":"0044381f97e8f02fda85dc13f8f0a84bf3090b5042eafabee42defcc470b6965","/img/mapa2.webp":"2c7a19ec0f09458172e0d15af17bd24daaa8dc307d0b9c8c361bb6952871c22b","/img/profile-img.jpg":"7c1a7561e6887ceb7a1d9e1c471ccb4646197fbc1aff3b8eba1d182f9cb5535e","/img/birds/1.webp":"7c904f0fbd7aa42e4ede8702bf29b9f8d38ca068ec2602b52a6a471545911b0c","/img/birds/10.webp":"edb66764b5cb5fc22a91c5f8219356f03b1e1345e3621f6ad971932f2ba8187b","/img/birds/11.webp":"c86bfe89b31579379ad005cc80b500a3489a0fcbe2709b2e62f5d2c914943caa","/img/birds/12.webp":"9daf4978016ce6290f5ec065ef423d4259bc7eca436fb5d3174770902a39661c","/img/birds/13.webp":"0e143e151f20cb93d86c1b3f09adeabe7efa43d7c65edc451bd41c8edba656a3","/img/birds/14.webp":"a9e7723af8c38b2e9d61dadf4f30607b4226dbd9d1a0d915f0465117ae052ac9","/img/birds/2.webp":"ff695078ae99686c9a9bddbfb13dcda80a8aa7fe0151240a8fb0f6c2c5bb8791","/img/birds/3.webp":"48cb101c6a7919497e2778c7cbbb28871fbdcfb1d9454861adf2c12c8ff62794","/img/birds/4.webp":"f9dbaecf1dec9b05211c205ba5dc5e86f0aebe870b3c5e1f9e3cdf48b969f77d","/img/birds/5.webp":"ee55912d558fd32d068f57144882635ea32281cad30f67757fa01f1b00f0b0c8","/img/birds/6.webp":"0f3fbcf3842b9ad4b150aa89b230296594f2f3485b134a1332eb0a9ed03bc078","/img/birds/7.webp":"648f4f3fb69b3770819049144466093704912b127331007fd98d4df19dc6d039","/img/birds/8.webp":"add36b78f6df1ad71f887ba6be32f02b50985e042e06b199dfb3cb65a55b3709","/img/birds/9.webp":"9d296a732049e7b595bc7f3dd3829a458ce16a1a3aa4abd2096cd2f6485e6f18","/img/frogs/1.webp":"3db02c959d2500a5d868b29f74a93b5700f602421251443b7575475be9c7eb0a","/img/frogs/10.webp":"365f9fba21f5f243a96ab96725fad1b568a1054c8959f33e2f26785d45afe2c7","/img/frogs/11.webp":"8fe0d6f91cb02b61dfed121fab211489d95a72fa8ed5bf40d4e46ce110136a17","/img/frogs/12.webp":"be13c0403d414a918408eab518582321e030627de40837fd1e4a023a4031c011","/img/frogs/13.webp":"a325c4926813f2bf0546febaee9f4450967aac91dc97b50d92eb833be6dce635","/img/frogs/14.webp":"73d46ec0b53d166c062ce10d6d81ea3a0140e3ac590b600b6e5c9f3b280beadd","/img/frogs/2.webp":"daa71e33afffc22871888a8652fd96868f7455cf350083d1944f9ca8ea889e5b","/img/frogs/3.webp":"8eb9fbd5dfdeb91cdd37e020816e34a4ef194b999f88faa825177dda9a3a1c4d","/img/frogs/4.webp":"85337103ad2e9e2b69471f0fb78ee90043d8775440cb279d71260385071c4539","/img/frogs/5.webp":"0d1482220aaa8e415f023dfe3952d2c335093ebc9fa99a43359e0343cc723ece","/img/frogs/6.webp":"bd1730850b5a7a3c754008c01df3411ee44f096d3a4a51d0893a6e9064309bd4","/img/frogs/7.webp":"c8d18a31ccaee2e18aedf41f861914c3c16414596d00b951a1798962787da826","/img/frogs/8.webp":"cadac1ba2136e5a2554885e6759865598ed6a9020e3150900b407dd5916e25e1","/img/frogs/9.webp":"834c4e62272e29fb2cde81feb0461a6da28e4ae47a5da43451d77b1e73552708","/img/gallery/1.webp":"acb0523eee552827966228b07aa85d94113dcf8c2337ad8ca7d96f6926e1f210","/img/gallery/2.webp":"42b2f426b49c5fba72bfc622a71a36ddb96206a268093962c94a175a4c73f84e","/img/gallery/3.webp":"ff3db6a00fa53cbabb0ea554d8ba0e446da128330ee2c3fc92ca3261ad06f149","/img/gallery/4.webp":"8a0ab95c7406ad4d3b7e3da40d34a2cc4b39523a54213f5b1b9efc34cb12a8b7","/img/gallery/5.webp":"9a8f22895f9b2a64ee6c3796d947bd5f5d877d4ca04845b20dcaa498cb9ef3db","/img/gallery/6.webp":"94af731032991cc281d995080a81f27bf0e0d4bff62d1ec92fc24334454c26eb","/img/gallery/7.webp":"e9b8d1c1fda2c3ec3fb00134b2a01f83a9837bf714ddc3dd1f78e3e2cafd4d06","/img/gallery/8.webp":"124460c1d95cc4d8cddd62bfbca6373b268813f9f6f25834595ef7c8ccdc8f20","/img/gallery/crop/1.webp":"7824acd4147ab81486b9f80deab97ba8945f669d1c7e9b17f99683e098700ada","/img/gallery/crop/2.webp":"3ed60c256b5786bd8762c1ae2a52fa9d36b43866df07076e92841a2630ed54f5","/img/gallery/crop/3.webp":"9f3c26d4ae16afcccac502f56047b8a428028e1c2984fee597e9ab16868b6bf8","/img/gallery/crop/4.webp":"2bc095c22e84bc187d8a13a0e55d7d11e739bc959cb2c953f18ca1831bd2827d","/img/gallery/crop/5.webp":"d1cb1d9da72b98f7be3eba494d7b23ff2355c7d78213b634088019de469d7156","/img/gallery/crop/6.webp":"148025402ac0dc5f6cb4af6228290ab77ca201f726f65af195447ae20b85afb3","/img/gallery/crop/7.webp":"6619d1383a49f07726d992281aa35ce7952a0e2551ea60339dd761ad731e5cba","/img/gallery/crop/8.webp":"dd3e86b8b6e0acdfe4b2158edf33ec4149d23dd03249cf8caa6736932bdea3fd","/img/local/1.webp":"e71a8a20ace0dc05fd3aee29ecb74a304a8960c31a31987a913fd1a377606b33","/img/local/2.webp":"312bc55e02eb7f5a4be9962d08d1e094b889bf3b3f8c21bb8a025ceff6bb5023","/img/local/3.webp":"ff30ea0c1e6886a8ce3c4f3ea0f34f59b27c31809fc03e9ef515b1e5c5f4f7f6","/img/local/4.webp":"cbb92e6086e09e01e191a20b59cfef3352910d332a0fab377cdfdcf1486052cc","/img/local/5.webp":"99d39b558b67fabeb7cd2960ec1027140b7f0614c9db4de3521cb4ba48f19307","/img/local/6.webp":"da0d1f4aeaf90279c2f9ddcb583cf10f2df61d07f036178e35a5c209b1ea5edc","/img/local/7.webp":"4c076cf58b41a140dba2ac66b4b0fdad4ae7443a54dbb264058ba7d440dcc49f","/img/mammals/1.webp":"685136d0f6e38fcd6c9d5455dfffa4cb425264d2bee4e0b9c7efdb4a04088c95","/img/mammals/10.webp":"c481cea0ca7133913880e63a087de19de089085abc3ddcb7cef0ad230d0a5a76","/img/mammals/11.webp":"491c0845a43f918c0a1565e9b446673b82f8ce62b1f5ae2b3a4980374bfdc273","/img/mammals/12.webp":"6c49a40a25fc0930454450d7ceb6c650bcc87ca4f2c0ad90e8be7845a9e5a926","/img/mammals/2.webp":"e26ec3a6dcf671728806c3a0b5ccbc83fb8aaf557f7939e8c95a9dfe6ea28d8d","/img/mammals/3.webp":"731e547efa24a1cf9290009dd17c53eddafdc1255bd5e13bbfe846ed3843a4d4","/img/mammals/4.webp":"d7b19bc66ddee787430be883704ea820d9cdd034a9bb0adb5b2000ca0fb7f9ca","/img/mammals/5.webp":"156385190bae859751c0ca5ab99f9abd92a54ab3ac57fe6a31902bafa07a56bb","/img/mammals/6.webp":"fdb19afc9d4a6971e8b9350ed849ac01b331c90d491549f6e51c6be4025f0579","/img/mammals/7.webp":"94fbae06664203382469f68d9c343d2fc958371ea0f67984565be6f9be2b82ff","/img/mammals/8.webp":"6954793887d9e816958c87d9a63ed166dff9f7b0da369a9340e671278c0a025a","/img/mammals/9.webp":"761feaeec54e579874cf56ef84d5503adefea2d23e44f4240bd746696a64ee3f","/img/nature/1.webp":"b4fe07b37f14ab4f3cdfdd07e1bb51e920c6712d7f7f15ba34c1c563503733da","/img/nature/10.webp":"5f00218cc33d5dc325967287ffe7e28d58e81523ec589763b9adce0c1e99f9dc","/img/nature/11.webp":"97137d98789418ff1fac386d3fcc56112be512c73f1d1843b167649e25eca453","/img/nature/12.webp":"cf4d88321a5a063ad0d254971c8403c7ce760645e41858587b9274a743eaf08d","/img/nature/13.webp":"3559571ac32581dbaf4f54ab6405096890d90be0450f637e32ba2ab36facfc69","/img/nature/14.webp":"888eebcfa287f7a0f5a80551608c66563603a7c31a56b1be2a8258aca6b5bfdd","/img/nature/15.webp":"65b4b7df457174a176f86f26a022179667d4535a4966d190d023c07900b09159","/img/nature/16.webp":"e170a3a8b59003ec2e8d2027b8c43d8b87adf8fef2e78b31cd685a3eef853d5a","/img/nature/17.webp":"6252ff1abe9266c3af35f21df5f5f1a9ea592f07366fd596df2a281cbdde0ef0","/img/nature/18.webp":"a8c452a4dd1cb225af6e664fb150825bc252a93162e6755236cbf2c0c2744b7c","/img/nature/19.webp":"7bb319c562929df077c37e4c7d9ef32548ad01c5ad671e6146bc28c7fcd46cf2","/img/nature/2.webp":"ecf948a39e865b92a4657e09dd5483bd78b2ca684014f7827fbc8e32cf4cbd1d","/img/nature/20.webp":"b77ced790047953e2353a54d7135ec369b9e27c3a95382c481263cf03f72e6df","/img/nature/21.webp":"6fb126589d494e7a17e52b36a05a9ab483036a9c1ea129053534a96fa211a905","/img/nature/3.webp":"57a9158aac81cbdd4603a570dbc10f5d397a3feba8a9de638a6f01e039dd0d46","/img/nature/4.webp":"60a4b481e7cce826a59217b686e26d1aa0729f1d803196835d0db936bdfce2a7","/img/nature/5.webp":"a13461ed2ca3fe6d590c5175b717f958dd2eddb63e6496d6dba5b440a5a88bb2","/img/nature/6.webp":"58c42a7976e881781139691046f52f2f139eed8df4633521e831fcd091157ce7","/img/nature/7.webp":"58c7be95c82cad8a79dc2902ccb7b7cd1f7e80f2270bf7a1610e0a5a8bcf14bf","/img/nature/8.webp":"29c2b4cf3bc0de5f0baa60c7a239126eeb918ffef815b909f4d1c9485ea829d1","/img/nature/9.webp":"cbb4a6b7e2af650d16ddf7795bbf69038a18de34ea065923b430f60f86bdff9c","/img/reptiles/1.webp":"cb4c5ed2e005874a7b2f6b4e66cdf3eccf8d97e0e299549bb9299ee6a2deca90","/img/reptiles/2.webp":"2a318e49607c76e54fe8e85ab7ef2836c92f9b71c7cdc9f4588ad9db231b479b","/img/reptiles/3.webp":"45057fcf3ff60e6dea8ae0c7867d829a38830fb880146a1048ab543d9e7f3271","/img/reptiles/4.webp":"aa0777f0944f3b4cc427e0827927ddf5e4ca3e176e33fe87da00f2272a86fdb6","/img/reptiles/5.webp":"47ca531ef90ec335600d15e6f3f366f5c5e6229d28ff2e473a50415e660ddcbd","/img/reptiles/6.webp":"f6c8a9afab68d7a974a763cf9491fafedbc3c5da97a952f2481bfe057caa8dbd","/img/reptiles/7.webp":"542b6196b867d3f6f2910c6600c1da90b4052785ee5be134fb5b4d741c33a91f","/img/sealife/1.webp":"e40a690298e5fc10358d305a5a616130bfeb3148b81ee540f746c278b4b2af77","/img/sealife/2.webp":"c73732dcbdae55b672be8807316f9a6b10773c5697e08146b008a90316b0bfca","/img/sealife/3.webp":"72fec01d404ccb603a1af0bce7c655a0a2b9f822670dc8457192cf90ed5c4195","/img/sealife/4.webp":"efa69d59bd54dc6257f10b9e582acb9deecb8824f0978e4086f6897aaa6947bb","/img/sealife/5.webp":"12c0a0b33637720a1e3b0db5cbaef16847663a581b29552d499a9676228b12fd","/img/sealife/6.webp":"6058e18e569da1cadb6419a0d72868ee1645efc6f6d922959d92152dfc08548a","/img/sealife/7.webp":"ecb0e52ecda8a63bd53dea9a6487c0af8d8ed50c7b2968ebf712fd9006e87161","/about.html":"1c76dff98019eebd1c12533deaaa6e2b6ec6551b3cddd3208232555905a91015","/about_fr.html":"f9afebf8524af9767c522cf68077238ec414657fa6f38d77430b5b698dbd1891","/birds.html":"96faad8b6b1b9a0c67da375116bcef9cadd9473acdab4d11b50ab52977a1d63b","/costs.html":"213dd8174728086717edca2dbde81412d9b2d4c65643bb4a539f4cbc8801bc3d","/frogs.html":"64cf222ec6c5f22e8f7e59ecd79f02a4983eaef88af5be9ea7aa523f5d3cad26","/index.html":"32cd308f22abafe1a5faa58f0cbc5ddd7b011a9a911bd2a15811a1f232ded4ae","/local.html":"e2885fdc761851692d56b4c496b3e95a26d23257dcb55d4130683cbac00a5b51","/mammals.html":"420e66c8ea486b66b484dc33b13b125481b2afb218a0941e997b3d953aadf398","/mapa1.html":"146fa595d948156d2a5c55cc53bda9f1e8781a595873a2da03788f73d850e622","/mapa2.html":"e5bd46b7513b9f523a7a933936ad9a5fafa46af877cb6313a91dcb1ea9c9b389","/nature.html":"e5062b2c7187d0dcfe1a1a299050658ea70f05b7a6be22c2d0175a153bdfc0c5","/sealife.html":"d5ba73afd9a540b9d8a4a2fcdd35b06865ac208dbe8221be3dcaf98756f5654b","/reptiles.html":"3294b800930748465a2261f47b326c484f4efd03790fa4c0597e622d07989d9b","/css/main-6f0ad86c7f.css":"323b1d35684f191c2d648d1c7620d3498a31088f18c66f0e63f53ecf0720f5bb","/css/main-a4fae8b4e5.css":"16945453fc5e7103c5d0d668143889bbcb354b3531736cd5561a5e400a4cf750","/css/main-9b2169bbab.css":"4232a0bcf24860cf231e550f437f7635d0214783493c40a8aa29e9cfa9444560","/js/main-255c22743c.js":"0b29745ddf6f58feb28ae557641fa9f3f6273b93bce9cac140083076bd6b864d","/js/main-b76536ded5.js":"afdb5070d82e40d42dd1222fde316144fd0885a540e44accb2a3627a0cbe685d","/fonts/boxicons.woff":"f2469620c16e2146625de3772e326b85b0a41169a8d6d5363029bb1836b291d0","/js/main-f444f57db8.js":"b9dfa16cf8e2902fe758b3f79e36ccce1e58f9af43a9a33a30fadeb1ca0f0ece","/fonts/boxicons.eot":"a0a9bd84367996064e8e00dd64f320b8dc219200d7994abf34766f2f1424c735","/fonts/boxicons.svg":"9867fcea31ddca80ccb85fa62680c895aaa826113dd071f10ccef794e61e2633"}}
[debug] [2023-02-17T20:59:48.746Z] <<< [apiv2][status] POST https://firebasehosting.googleapis.com/v1beta1/projects/676864293446/sites/foto-album-b2d62/versions/3aee739e5a0d5ac1:populateFiles 200
[debug] [2023-02-17T20:59:48.746Z] <<< [apiv2][body] POST https://firebasehosting.googleapis.com/v1beta1/projects/676864293446/sites/foto-album-b2d62/versions/3aee739e5a0d5ac1:populateFiles {"uploadUrl":"https://upload-firebasehosting.googleapis.com/upload/sites/foto-album-b2d62/versions/3aee739e5a0d5ac1/files"}
[debug] [2023-02-17T20:59:48.746Z] [hosting][populate queue][FINAL] {"max":1219,"min":1219,"avg":1219,"active":0,"complete":1,"success":1,"errored":0,"retried":0,"total":1,"elapsed":1219}
[debug] [2023-02-17T20:59:48.746Z] [hosting] uploads queued: 0
[debug] [2023-02-17T20:59:48.746Z] [hosting][upload queue][FINAL] {"max":0,"min":9999999999,"avg":0,"active":0,"complete":0,"success":0,"errored":0,"retried":0,"total":0,"elapsed":1676667588746}
[info] ✔  hosting[foto-album-b2d62]: file upload complete 
[debug] [2023-02-17T20:59:48.747Z] [hosting] deploy completed after 1451ms
[debug] [2023-02-17T20:59:48.749Z] [
  {
    "config": {
      "public": "dist",
      "ignore": [
        "firebase.json",
        "**/.*"
      ],
      "site": "foto-album-b2d62"
    },
    "version": "projects/676864293446/sites/foto-album-b2d62/versions/3aee739e5a0d5ac1"
  }
]
[info] i  hosting[foto-album-b2d62]: finalizing version... 
[debug] [2023-02-17T20:59:48.751Z] >>> [apiv2][query] PATCH https://firebasehosting.googleapis.com/v1beta1/projects/-/sites/foto-album-b2d62/versions/3aee739e5a0d5ac1 updateMask=status%2Cconfig
[debug] [2023-02-17T20:59:48.751Z] >>> [apiv2][body] PATCH https://firebasehosting.googleapis.com/v1beta1/projects/-/sites/foto-album-b2d62/versions/3aee739e5a0d5ac1 {"status":"FINALIZED","config":{}}
[debug] [2023-02-17T20:59:50.463Z] <<< [apiv2][status] PATCH https://firebasehosting.googleapis.com/v1beta1/projects/-/sites/foto-album-b2d62/versions/3aee739e5a0d5ac1 200
[debug] [2023-02-17T20:59:50.464Z] <<< [apiv2][body] PATCH https://firebasehosting.googleapis.com/v1beta1/projects/-/sites/foto-album-b2d62/versions/3aee739e5a0d5ac1 {"name":"projects/676864293446/sites/foto-album-b2d62/versions/3aee739e5a0d5ac1","status":"FINALIZED","config":{},"labels":{"deployment-tool":"cli-firebase"},"createTime":"2023-02-17T20:59:47.115805Z","createUser":{"email":"christoph.carman@gmail.com"},"finalizeTime":"2023-02-17T20:59:50.560378Z","finalizeUser":{"email":"christoph.carman@gmail.com"}}
[debug] [2023-02-17T20:59:50.464Z] [hosting] finalized version for foto-album-b2d62:[object Object]
[info] ✔  hosting[foto-album-b2d62]: version finalized 
[info] i  hosting[foto-album-b2d62]: releasing new version... 
[debug] [2023-02-17T20:59:50.465Z] >>> [apiv2][query] POST https://firebasehosting.googleapis.com/v1beta1/projects/-/sites/foto-album-b2d62/channels/live/releases versionName=projects%2F676864293446%2Fsites%2Ffoto-album-b2d62%2Fversions%2F3aee739e5a0d5ac1
[debug] [2023-02-17T20:59:50.465Z] >>> [apiv2][body] POST https://firebasehosting.googleapis.com/v1beta1/projects/-/sites/foto-album-b2d62/channels/live/releases {}
[debug] [2023-02-17T20:59:53.185Z] <<< [apiv2][status] POST https://firebasehosting.googleapis.com/v1beta1/projects/-/sites/foto-album-b2d62/channels/live/releases 200
[debug] [2023-02-17T20:59:53.185Z] <<< [apiv2][body] POST https://firebasehosting.googleapis.com/v1beta1/projects/-/sites/foto-album-b2d62/channels/live/releases {"name":"projects/676864293446/sites/foto-album-b2d62/channels/live/releases/1676667592676000","version":{"name":"projects/676864293446/sites/foto-album-b2d62/versions/3aee739e5a0d5ac1","status":"FINALIZED","config":{},"labels":{"deployment-tool":"cli-firebase"},"createTime":"2023-02-17T20:59:47.115805Z","createUser":{"email":"christoph.carman@gmail.com","imageUrl":"https://lh3.googleusercontent.com/a/AEdFTp4MJXuILbvas0o1eNabBzBzYH_VB27vGBHSUDFbAg=mo"},"finalizeTime":"2023-02-17T20:59:50.560378Z","finalizeUser":{"email":"christoph.carman@gmail.com","imageUrl":"https://lh3.googleusercontent.com/a/AEdFTp4MJXuILbvas0o1eNabBzBzYH_VB27vGBHSUDFbAg=mo"}},"type":"DEPLOY","releaseTime":"2023-02-17T20:59:52.676Z","releaseUser":{"email":"christoph.carman@gmail.com","imageUrl":"https://lh3.googleusercontent.com/a/AEdFTp4MJXuILbvas0o1eNabBzBzYH_VB27vGBHSUDFbAg=mo"}}
[debug] [2023-02-17T20:59:53.185Z] [hosting] release: {"name":"projects/676864293446/sites/foto-album-b2d62/channels/live/releases/1676667592676000","version":{"name":"projects/676864293446/sites/foto-album-b2d62/versions/3aee739e5a0d5ac1","status":"FINALIZED","config":{},"labels":{"deployment-tool":"cli-firebase"},"createTime":"2023-02-17T20:59:47.115805Z","createUser":{"email":"christoph.carman@gmail.com","imageUrl":"https://lh3.googleusercontent.com/a/AEdFTp4MJXuILbvas0o1eNabBzBzYH_VB27vGBHSUDFbAg=mo"},"finalizeTime":"2023-02-17T20:59:50.560378Z","finalizeUser":{"email":"christoph.carman@gmail.com","imageUrl":"https://lh3.googleusercontent.com/a/AEdFTp4MJXuILbvas0o1eNabBzBzYH_VB27vGBHSUDFbAg=mo"}},"type":"DEPLOY","releaseTime":"2023-02-17T20:59:52.676Z","releaseUser":{"email":"christoph.carman@gmail.com","imageUrl":"https://lh3.googleusercontent.com/a/AEdFTp4MJXuILbvas0o1eNabBzBzYH_VB27vGBHSUDFbAg=mo"}}
[info] ✔  hosting[foto-album-b2d62]: release complete 
[info] 
[info] ✔  Deploy complete! 
[info] 
[info] Project Console: https://console.firebase.google.com/project/foto-album-b2d62/overview
[info] Hosting URL: https://foto-album-b2d62.web.app
[debug] [2023-02-17T21:00:01.576Z] Error: Timed out.
    at Timeout._onTimeout (/Users/welcome/.cache/firebase/tools/lib/node_modules/firebase-tools/lib/utils.js:253:49)
    at listOnTimeout (node:internal/timers:559:17)
    at processTimers (node:internal/timers:502:7)
[error] 
[error] Error: An unexpected error has occurred.
